#! /c/Source/iverilog-install/bin/vvp
:ivl_version "12.0 (devel)" "(s20150603-1110-g18392a46)";
:ivl_delay_selection "TYPICAL";
:vpi_time_precision - 12;
:vpi_module "C:\iverilog\lib\ivl\system.vpi";
:vpi_module "C:\iverilog\lib\ivl\vhdl_sys.vpi";
:vpi_module "C:\iverilog\lib\ivl\vhdl_textio.vpi";
:vpi_module "C:\iverilog\lib\ivl\v2005_math.vpi";
:vpi_module "C:\iverilog\lib\ivl\va_math.vpi";
S_00000204eded8870 .scope module, "mux_n_tb" "mux_n_tb" 2 3;
 .timescale -9 -12;
P_00000204edf177d0 .param/l "N" 0 2 5, +C4<00000000000000000000000000001000>;
v00000204edf265e0_0 .var "a", 7 0;
v00000204edf26680_0 .var "b", 7 0;
v00000204edf26720_0 .var/i "errors", 31 0;
v00000204edf267c0_0 .var "sel", 0 0;
v00000204edef2ce0_0 .net "y", 7 0, v00000204edf26540_0;  1 drivers
S_00000204ededbaf0 .scope task, "check" "check" 2 51, 2 51 0, S_00000204eded8870;
 .timescale -9 -12;
v00000204edef3700_0 .var "expected", 7 0;
TD_mux_n_tb.check ;
    %load/vec4 v00000204edf267c0_0;
    %flag_set/vec4 8;
    %jmp/0 T_0.0, 8;
    %load/vec4 v00000204edf26680_0;
    %jmp/1 T_0.1, 8;
T_0.0 ; End of true expr.
    %load/vec4 v00000204edf265e0_0;
    %jmp/0 T_0.1, 8;
 ; End of false expr.
    %blend;
T_0.1;
    %store/vec4 v00000204edef3700_0, 0, 8;
    %load/vec4 v00000204edef2ce0_0;
    %load/vec4 v00000204edef3700_0;
    %cmp/e;
    %flag_mov 8, 6;
    %jmp/0 T_0.2, 8;
    %pushi/vec4 1346458451, 0, 32; draw_string_vec4
    %jmp/1 T_0.3, 8;
T_0.2 ; End of true expr.
    %pushi/vec4 1178683724, 0, 32; draw_string_vec4
    %jmp/0 T_0.3, 8;
 ; End of false expr.
    %blend;
T_0.3;
    %vpi_call 2 55 "$display", " %4t |   %h    |   %h    |  %b  |   %h    |   %h    |  %s", $time, v00000204edf265e0_0, v00000204edf26680_0, v00000204edf267c0_0, v00000204edef2ce0_0, v00000204edef3700_0, S<0,vec4,u32> {1 0 0};
    %load/vec4 v00000204edef2ce0_0;
    %load/vec4 v00000204edef3700_0;
    %cmp/ne;
    %jmp/0xz  T_0.4, 6;
    %load/vec4 v00000204edf26720_0;
    %addi 1, 0, 32;
    %store/vec4 v00000204edf26720_0, 0, 32;
T_0.4 ;
    %end;
S_00000204ededbc80 .scope module, "dut" "mux_n" 2 14, 3 1 0, S_00000204eded8870;
 .timescale 0 0;
    .port_info 0 /INPUT 8 "a";
    .port_info 1 /INPUT 8 "b";
    .port_info 2 /INPUT 1 "sel";
    .port_info 3 /OUTPUT 8 "y";
P_00000204edf18310 .param/l "N" 0 3 3, +C4<00000000000000000000000000001000>;
v00000204edf15e80_0 .net "a", 7 0, v00000204edf265e0_0;  1 drivers
v00000204edf26400_0 .net "b", 7 0, v00000204edf26680_0;  1 drivers
v00000204edf264a0_0 .net "sel", 0 0, v00000204edf267c0_0;  1 drivers
v00000204edf26540_0 .var "y", 7 0;
E_00000204edf178d0 .event anyedge, v00000204edf264a0_0, v00000204edf15e80_0, v00000204edf26400_0;
    .scope S_00000204ededbc80;
T_1 ;
    %wait E_00000204edf178d0;
    %load/vec4 v00000204edf264a0_0;
    %dup/vec4;
    %pushi/vec4 0, 0, 1;
    %cmp/u;
    %jmp/1 T_1.0, 6;
    %dup/vec4;
    %pushi/vec4 1, 0, 1;
    %cmp/u;
    %jmp/1 T_1.1, 6;
    %pushi/vec4 255, 255, 8;
    %store/vec4 v00000204edf26540_0, 0, 8;
    %jmp T_1.3;
T_1.0 ;
    %load/vec4 v00000204edf15e80_0;
    %store/vec4 v00000204edf26540_0, 0, 8;
    %jmp T_1.3;
T_1.1 ;
    %load/vec4 v00000204edf26400_0;
    %store/vec4 v00000204edf26540_0, 0, 8;
    %jmp T_1.3;
T_1.3 ;
    %pop/vec4 1;
    %jmp T_1;
    .thread T_1, $push;
    .scope S_00000204eded8870;
T_2 ;
    %pushi/vec4 0, 0, 32;
    %store/vec4 v00000204edf26720_0, 0, 32;
    %end;
    .thread T_2;
    .scope S_00000204eded8870;
T_3 ;
    %vpi_call 2 23 "$dumpfile", "mux_n_tb.vcd" {0 0 0};
    %vpi_call 2 24 "$dumpvars", 32'sb00000000000000000000000000000000, S_00000204eded8870 {0 0 0};
    %end;
    .thread T_3;
    .scope S_00000204eded8870;
T_4 ;
    %vpi_call 2 29 "$display", "=========================================================" {0 0 0};
    %vpi_call 2 30 "$display", " time |   a(hex) |   b(hex) | sel |   y(hex) | expected | result" {0 0 0};
    %vpi_call 2 31 "$display", "=========================================================" {0 0 0};
    %pushi/vec4 0, 0, 8;
    %store/vec4 v00000204edf265e0_0, 0, 8;
    %pushi/vec4 0, 0, 8;
    %store/vec4 v00000204edf26680_0, 0, 8;
    %pushi/vec4 0, 0, 1;
    %store/vec4 v00000204edf267c0_0, 0, 1;
    %delay 10000, 0;
    %fork TD_mux_n_tb.check, S_00000204ededbaf0;
    %join;
    %pushi/vec4 170, 0, 8;
    %store/vec4 v00000204edf265e0_0, 0, 8;
    %pushi/vec4 85, 0, 8;
    %store/vec4 v00000204edf26680_0, 0, 8;
    %pushi/vec4 0, 0, 1;
    %store/vec4 v00000204edf267c0_0, 0, 1;
    %delay 10000, 0;
    %fork TD_mux_n_tb.check, S_00000204ededbaf0;
    %join;
    %pushi/vec4 170, 0, 8;
    %store/vec4 v00000204edf265e0_0, 0, 8;
    %pushi/vec4 85, 0, 8;
    %store/vec4 v00000204edf26680_0, 0, 8;
    %pushi/vec4 1, 0, 1;
    %store/vec4 v00000204edf267c0_0, 0, 1;
    %delay 10000, 0;
    %fork TD_mux_n_tb.check, S_00000204ededbaf0;
    %join;
    %pushi/vec4 255, 0, 8;
    %store/vec4 v00000204edf265e0_0, 0, 8;
    %pushi/vec4 15, 0, 8;
    %store/vec4 v00000204edf26680_0, 0, 8;
    %pushi/vec4 0, 0, 1;
    %store/vec4 v00000204edf267c0_0, 0, 1;
    %delay 10000, 0;
    %fork TD_mux_n_tb.check, S_00000204ededbaf0;
    %join;
    %pushi/vec4 255, 0, 8;
    %store/vec4 v00000204edf265e0_0, 0, 8;
    %pushi/vec4 15, 0, 8;
    %store/vec4 v00000204edf26680_0, 0, 8;
    %pushi/vec4 1, 0, 1;
    %store/vec4 v00000204edf267c0_0, 0, 1;
    %delay 10000, 0;
    %fork TD_mux_n_tb.check, S_00000204ededbaf0;
    %join;
    %pushi/vec4 60, 0, 8;
    %store/vec4 v00000204edf265e0_0, 0, 8;
    %pushi/vec4 195, 0, 8;
    %store/vec4 v00000204edf26680_0, 0, 8;
    %pushi/vec4 0, 0, 1;
    %store/vec4 v00000204edf267c0_0, 0, 1;
    %delay 10000, 0;
    %fork TD_mux_n_tb.check, S_00000204ededbaf0;
    %join;
    %pushi/vec4 60, 0, 8;
    %store/vec4 v00000204edf265e0_0, 0, 8;
    %pushi/vec4 195, 0, 8;
    %store/vec4 v00000204edf26680_0, 0, 8;
    %pushi/vec4 1, 0, 1;
    %store/vec4 v00000204edf267c0_0, 0, 1;
    %delay 10000, 0;
    %fork TD_mux_n_tb.check, S_00000204ededbaf0;
    %join;
    %vpi_call 2 41 "$display", "=========================================================" {0 0 0};
    %load/vec4 v00000204edf26720_0;
    %cmpi/e 0, 0, 32;
    %jmp/0xz  T_4.0, 4;
    %vpi_call 2 43 "$display", " ALL TEST CASES PASSED" {0 0 0};
    %jmp T_4.1;
T_4.0 ;
    %vpi_call 2 45 "$display", " %0d TEST CASE(S) FAILED", v00000204edf26720_0 {0 0 0};
T_4.1 ;
    %vpi_call 2 46 "$display", "=========================================================" {0 0 0};
    %delay 10000, 0;
    %vpi_call 2 48 "$finish" {0 0 0};
    %end;
    .thread T_4;
# The file index is used to find the file name in the following table.
:file_names 4;
    "N/A";
    "<interactive>";
    "testbench/mux_n_tb.v";
    "src/mux_n.v";
